Running Sphinx v1.0.7
Found and adding aafig extension
!!!!!!!
/Users/ross/sandboxes/sb_vf_lib/Installs/Mac/External/xdoc/xdoc/docutils/writers/html4css1/html4css1.css
Found and adding aafig extension
Running XMOS Documentation setup:xlatex
P:/Users/ross/sandboxes/sb_vf_lib/lib_xud/lib_xud/doc
Using XMOS Styled LaTeX
loading pickled environment... not yet created
building [xlatex]: all documents
updating environment: 9 added, 0 changed, 0 removed
reading sources... [ 11%] advanced_usage
Rendering Doxygen function int XUD_SetReady_Out
Rendering Doxygen function XUD_Result_t XUD_SetReady_In
Rendering Doxygen function int XUD_SetReady_OutPtr
Rendering Doxygen function XUD_Result_t XUD_SetReady_InPtr
Rendering Doxygen function void XUD_GetData_Select
Rendering Doxygen function void XUD_SetData_Select
reading sources... [ 22%] appendix
reading sources... [ 33%] basic_usage
Rendering Doxygen function int XUD_Manager
typedef
Rendering Doxygen type XUD_ep
Rendering Doxygen function XUD_ep XUD_InitEp
Rendering Doxygen function XUD_Result_t XUD_GetBuffer
Rendering Doxygen function XUD_Result_t XUD_SetBuffer
Rendering Doxygen function XUD_Result_t XUD_SetBuffer_EpMax
Rendering Doxygen function XUD_Result_t XUD_DoGetRequest
Rendering Doxygen function XUD_Result_t XUD_DoSetRequestStatus
Rendering Doxygen function XUD_Result_t XUD_SetDevAddr
Rendering Doxygen function void XUD_SetStall
Rendering Doxygen function void XUD_SetStallByAddr
Rendering Doxygen function void XUD_ClearStall
Rendering Doxygen function void XUD_ClearStallByAddr
Rendering Doxygen function XUD_BusSpeed_t XUD_ResetEndpoint
Rendering Doxygen function void XUD_SetTestMode
reading sources... [ 44%] file_arrangement
reading sources... [ 55%] further_reading
reading sources... [ 66%] index
